Using pre-set license
Built from '2021.3/staging' branch; Version is '2021.3.6f1 (7da38d85baf6) revision 8233869'; Using compiler version '192829333'; Build Type 'Release'
OS: 'Windows 10  (10.0.19045) 64bit Core' Language: 'el' Physical Memory: 49067 MB
BatchMode: 1, IsHumanControllingUs: 0, StartBugReporterOnCrash: 0, Is64bit: 1, IsPro: 1

COMMAND LINE ARGUMENTS:
C:\Program Files\Unity\Hub\Editor\2021.3.6f1\Editor\Unity.exe
-adb2
-batchMode
-noUpm
-name
AssetImportWorker0
-projectPath
C:/Users/PC/Desktop/My mods/Food-Pack-master/Unity
-logFile
Logs/AssetImportWorker0.log
-srvPort
57877
Successfully changed project path to: C:/Users/PC/Desktop/My mods/Food-Pack-master/Unity
C:/Users/PC/Desktop/My mods/Food-Pack-master/Unity
[UnityMemory] Configuration Parameters - Can be set up in boot.config
    "memorysetup-bucket-allocator-granularity=16"
    "memorysetup-bucket-allocator-bucket-count=8"
    "memorysetup-bucket-allocator-block-size=33554432"
    "memorysetup-bucket-allocator-block-count=8"
    "memorysetup-main-allocator-block-size=16777216"
    "memorysetup-thread-allocator-block-size=16777216"
    "memorysetup-gfx-main-allocator-block-size=16777216"
    "memorysetup-gfx-thread-allocator-block-size=16777216"
    "memorysetup-cache-allocator-block-size=4194304"
    "memorysetup-typetree-allocator-block-size=2097152"
    "memorysetup-profiler-bucket-allocator-granularity=16"
    "memorysetup-profiler-bucket-allocator-bucket-count=8"
    "memorysetup-profiler-bucket-allocator-block-size=33554432"
    "memorysetup-profiler-bucket-allocator-block-count=8"
    "memorysetup-profiler-allocator-block-size=16777216"
    "memorysetup-profiler-editor-allocator-block-size=1048576"
    "memorysetup-temp-allocator-size-main=16777216"
    "memorysetup-job-temp-allocator-block-size=2097152"
    "memorysetup-job-temp-allocator-block-size-background=1048576"
    "memorysetup-job-temp-allocator-reduction-small-platforms=262144"
    "memorysetup-temp-allocator-size-background-worker=32768"
    "memorysetup-temp-allocator-size-job-worker=262144"
    "memorysetup-temp-allocator-size-preload-manager=33554432"
    "memorysetup-temp-allocator-size-nav-mesh-worker=65536"
    "memorysetup-temp-allocator-size-audio-worker=65536"
    "memorysetup-temp-allocator-size-cloud-worker=32768"
    "memorysetup-temp-allocator-size-gi-baking-worker=262144"
    "memorysetup-temp-allocator-size-gfx=262144"
Refreshing native plugins compatible for Editor in 55.83 ms, found 2 plugins.
Preloading 0 native plugins for Editor in 0.00 ms.
Initialize engine version: 2021.3.6f1 (7da38d85baf6)
[Subsystems] Discovering subsystems at path C:/Program Files/Unity/Hub/Editor/2021.3.6f1/Editor/Data/Resources/UnitySubsystems
[Subsystems] Discovering subsystems at path C:/Users/PC/Desktop/My mods/Food-Pack-master/Unity/Assets
GfxDevice: creating device client; threaded=0; jobified=0
Direct3D:
    Version:  Direct3D 11.0 [level 11.1]
    Renderer: NVIDIA GeForce RTX 3080 (ID=0x2206)
    Vendor:   NVIDIA
    VRAM:     10067 MB
    Driver:   31.0.15.3179
Initialize mono
Mono path[0] = 'C:/Program Files/Unity/Hub/Editor/2021.3.6f1/Editor/Data/Managed'
Mono path[1] = 'C:/Program Files/Unity/Hub/Editor/2021.3.6f1/Editor/Data/MonoBleedingEdge/lib/mono/unityjit-win32'
Mono config path = 'C:/Program Files/Unity/Hub/Editor/2021.3.6f1/Editor/Data/MonoBleedingEdge/etc'
Using monoOptions --debugger-agent=transport=dt_socket,embedding=1,server=y,suspend=n,address=127.0.0.1:56516
Begin MonoManager ReloadAssembly
Registering precompiled unity dll's ...
Register platform support module: C:/Program Files/Unity/Hub/Editor/2021.3.6f1/Editor/Data/PlaybackEngines/WindowsStandaloneSupport/UnityEditor.WindowsStandalone.Extensions.dll
Registered in 0.007357 seconds.
Native extension for WindowsStandalone target not found
Refreshing native plugins compatible for Editor in 48.07 ms, found 2 plugins.
Preloading 0 native plugins for Editor in 0.00 ms.
Mono: successfully reloaded assembly
- Completed reload, in  0.571 seconds
Domain Reload Profiling:
	ReloadAssembly (571ms)
		BeginReloadAssembly (69ms)
			ExecutionOrderSort (0ms)
			DisableScriptedObjects (0ms)
			BackupInstance (0ms)
			ReleaseScriptingObjects (0ms)
			CreateAndSetChildDomain (1ms)
		EndReloadAssembly (401ms)
			LoadAssemblies (67ms)
			RebuildTransferFunctionScriptingTraits (0ms)
			SetupTypeCache (95ms)
			ReleaseScriptCaches (0ms)
			RebuildScriptCaches (26ms)
			SetupLoadedEditorAssemblies (232ms)
				LogAssemblyErrors (0ms)
				InitializePlatformSupportModulesInManaged (7ms)
				SetLoadedEditorAssemblies (0ms)
				RefreshPlugins (48ms)
				BeforeProcessingInitializeOnLoad (1ms)
				ProcessInitializeOnLoadAttributes (134ms)
				ProcessInitializeOnLoadMethodAttributes (41ms)
				AfterProcessingInitializeOnLoad (0ms)
				EditorAssembliesLoaded (0ms)
			ExecutionOrderSort2 (0ms)
			AwakeInstancesAfterBackupRestoration (0ms)
Platform modules already initialized, skipping
Registering precompiled user dll's ...
Registered in 0.006790 seconds.
Begin MonoManager ReloadAssembly
Native extension for WindowsStandalone target not found
Refreshing native plugins compatible for Editor in 0.68 ms, found 2 plugins.
Preloading 0 native plugins for Editor in 0.00 ms.
Mono: successfully reloaded assembly
- Completed reload, in  1.084 seconds
Domain Reload Profiling:
	ReloadAssembly (1085ms)
		BeginReloadAssembly (107ms)
			ExecutionOrderSort (0ms)
			DisableScriptedObjects (5ms)
			BackupInstance (0ms)
			ReleaseScriptingObjects (0ms)
			CreateAndSetChildDomain (20ms)
		EndReloadAssembly (869ms)
			LoadAssemblies (87ms)
			RebuildTransferFunctionScriptingTraits (0ms)
			SetupTypeCache (186ms)
			ReleaseScriptCaches (1ms)
			RebuildScriptCaches (47ms)
			SetupLoadedEditorAssemblies (517ms)
				LogAssemblyErrors (0ms)
				InitializePlatformSupportModulesInManaged (5ms)
				SetLoadedEditorAssemblies (0ms)
				RefreshPlugins (1ms)
				BeforeProcessingInitializeOnLoad (86ms)
				ProcessInitializeOnLoadAttributes (273ms)
				ProcessInitializeOnLoadMethodAttributes (142ms)
				AfterProcessingInitializeOnLoad (9ms)
				EditorAssembliesLoaded (0ms)
			ExecutionOrderSort2 (0ms)
			AwakeInstancesAfterBackupRestoration (7ms)
Platform modules already initialized, skipping
========================================================================
Worker process is ready to serve import requests
Launched and connected shader compiler UnityShaderCompiler.exe after 0.04 seconds
Refreshing native plugins compatible for Editor in 0.63 ms, found 2 plugins.
Preloading 0 native plugins for Editor in 0.00 ms.
Unloading 3137 Unused Serialized files (Serialized files now loaded: 0)
Unloading 61 unused Assets / (93.7 KB). Loaded Objects now: 3601.
Memory consumption went from 133.6 MB to 133.5 MB.
Total: 5.624100 ms (FindLiveObjects: 0.236900 ms CreateObjectMapping: 0.171900 ms MarkObjects: 5.102800 ms  DeleteObjects: 0.111600 ms)

AssetImportParameters requested are different than current active one (requested -> active):
  custom:video-decoder-ogg-theora: a1e56fd34408186e4bbccfd4996cb3dc -> 
  custom:container-muxer-webm: aa71ff27fc2769a1b78a27578f13a17b -> 
  custom:container-demuxer-webm: 4f35f7cbe854078d1ac9338744f61a02 -> 
  custom:video-encoder-webm-vp8: eb34c28f22e8b96e1ab97ce403110664 -> 
  custom:audio-encoder-webm-vorbis: bf7c407c2cedff20999df2af8eb42d56 -> 
  custom:framework-win-MediaFoundation: 216162199b28c13a410421893ffa2e32 -> 
  custom:container-demuxer-ogg: 62fdf1f143b41e24485cea50d1cbac27 -> 
  custom:video-decoder-webm-vp8: 9c59270c3fd7afecdb556c50c9e8de78 -> 
  custom:audio-decoder-ogg-vorbis: bf7c407c2cedff20999df2af8eb42d56 -> 
========================================================================
Received Import Request.
  Time since last request: 231653.860471 seconds.
  path: Assets/Models/Textures/New Textures/Materials/frontierHoneyJar 1.mat
  artifactKey: Guid(bb50ac007a71c934c86a7adb790279d0) Importer(815301076,1909f56bfc062723c751e8b465ee728b)
Start importing Assets/Models/Textures/New Textures/Materials/frontierHoneyJar 1.mat using Guid(bb50ac007a71c934c86a7adb790279d0) Importer(815301076,1909f56bfc062723c751e8b465ee728b)  -> (artifact id: 'a720036323f3607bd1b416ae8278d207') in 0.130568 seconds 
========================================================================
Received Import Request.
  Time since last request: 3.677595 seconds.
  path: Assets/Models/Textures/New Textures/Materials/frontierHoneyJar 2.mat
  artifactKey: Guid(bb50ac007a71c934c86a7adb790279d0) Importer(815301076,1909f56bfc062723c751e8b465ee728b)
Start importing Assets/Models/Textures/New Textures/Materials/frontierHoneyJar 2.mat using Guid(bb50ac007a71c934c86a7adb790279d0) Importer(815301076,1909f56bfc062723c751e8b465ee728b)  -> (artifact id: 'aad0fca7198ba04a02542f32898c3122') in 0.015453 seconds 
========================================================================
Received Import Request.
  Time since last request: 721.597652 seconds.
  path: Assets/Prefabs/GEAR_HoneyJar.prefab
  artifactKey: Guid(41cff7e8097f95e479039ba588be4d98) Importer(815301076,1909f56bfc062723c751e8b465ee728b)
Start importing Assets/Prefabs/GEAR_HoneyJar.prefab using Guid(41cff7e8097f95e479039ba588be4d98) Importer(815301076,1909f56bfc062723c751e8b465ee728b)  -> (artifact id: 'd7a1d8e3622353f7ca0111ad686d5206') in 0.039121 seconds 
========================================================================
Received Import Request.
  Time since last request: 11.035504 seconds.
  path: Assets/Prefabs/GEAR_HoneyJar.prefab
  artifactKey: Guid(41cff7e8097f95e479039ba588be4d98) Importer(815301076,1909f56bfc062723c751e8b465ee728b)
Start importing Assets/Prefabs/GEAR_HoneyJar.prefab using Guid(41cff7e8097f95e479039ba588be4d98) Importer(815301076,1909f56bfc062723c751e8b465ee728b)  -> (artifact id: 'a512fee5700af146ce6793619421674d') in 0.016486 seconds 
========================================================================
Received Import Request.
  Time since last request: 2.745859 seconds.
  path: Assets/Prefabs/GEAR_HoneyJar.prefab
  artifactKey: Guid(41cff7e8097f95e479039ba588be4d98) Importer(815301076,1909f56bfc062723c751e8b465ee728b)
Start importing Assets/Prefabs/GEAR_HoneyJar.prefab using Guid(41cff7e8097f95e479039ba588be4d98) Importer(815301076,1909f56bfc062723c751e8b465ee728b)  -> (artifact id: 'ab9f44ecdd257b9a3445baaeeba13a8e') in 0.014849 seconds 
========================================================================
Received Import Request.
  Time since last request: 3.411326 seconds.
  path: Assets/Prefabs/GEAR_HoneyJar.prefab
  artifactKey: Guid(41cff7e8097f95e479039ba588be4d98) Importer(815301076,1909f56bfc062723c751e8b465ee728b)
Start importing Assets/Prefabs/GEAR_HoneyJar.prefab using Guid(41cff7e8097f95e479039ba588be4d98) Importer(815301076,1909f56bfc062723c751e8b465ee728b)  -> (artifact id: 'f277505678f515509efb24b69561ac87') in 0.014699 seconds 
========================================================================
Received Import Request.
  Time since last request: 69.694108 seconds.
  path: Assets/Models/Textures/New Textures/Materials/frontierHoneyJar 2.mat
  artifactKey: Guid(bb50ac007a71c934c86a7adb790279d0) Importer(815301076,1909f56bfc062723c751e8b465ee728b)
Start importing Assets/Models/Textures/New Textures/Materials/frontierHoneyJar 2.mat using Guid(bb50ac007a71c934c86a7adb790279d0) Importer(815301076,1909f56bfc062723c751e8b465ee728b)  -> (artifact id: '5d7412564f9a39a5724f9b818e1ab401') in 0.009416 seconds 
========================================================================
Received Import Request.
  Time since last request: 219.952424 seconds.
  path: Assets/Models/Textures/New Textures/Materials/frontierHoneyJar 2.mat
  artifactKey: Guid(bb50ac007a71c934c86a7adb790279d0) Importer(815301076,1909f56bfc062723c751e8b465ee728b)
Start importing Assets/Models/Textures/New Textures/Materials/frontierHoneyJar 2.mat using Guid(bb50ac007a71c934c86a7adb790279d0) Importer(815301076,1909f56bfc062723c751e8b465ee728b)  -> (artifact id: '3872ff6122a7b106bcb2837f9e53a047') in 0.023816 seconds 
========================================================================
Received Import Request.
  Time since last request: 313.772629 seconds.
  path: Assets/Prefabs/GEAR_HoneyJar.prefab
  artifactKey: Guid(41cff7e8097f95e479039ba588be4d98) Importer(815301076,1909f56bfc062723c751e8b465ee728b)
Start importing Assets/Prefabs/GEAR_HoneyJar.prefab using Guid(41cff7e8097f95e479039ba588be4d98) Importer(815301076,1909f56bfc062723c751e8b465ee728b)  -> (artifact id: '876f7e9e54faf9d2b7a9f1afa4d46294') in 0.017224 seconds 
========================================================================
Received Import Request.
  Time since last request: 36.539049 seconds.
  path: Assets/Prefabs/GEAR_HoneyJar.prefab
  artifactKey: Guid(41cff7e8097f95e479039ba588be4d98) Importer(815301076,1909f56bfc062723c751e8b465ee728b)
Start importing Assets/Prefabs/GEAR_HoneyJar.prefab using Guid(41cff7e8097f95e479039ba588be4d98) Importer(815301076,1909f56bfc062723c751e8b465ee728b)  -> (artifact id: '4628c8d54e19941f06b7e1478f3296a3') in 0.015679 seconds 
========================================================================
Received Import Request.
  Time since last request: 5.517408 seconds.
  path: Assets/Prefabs/GEAR_HoneyJar.prefab
  artifactKey: Guid(41cff7e8097f95e479039ba588be4d98) Importer(815301076,1909f56bfc062723c751e8b465ee728b)
Start importing Assets/Prefabs/GEAR_HoneyJar.prefab using Guid(41cff7e8097f95e479039ba588be4d98) Importer(815301076,1909f56bfc062723c751e8b465ee728b)  -> (artifact id: 'f97cca3a35ab2abd3baa3b42ff83c355') in 0.023297 seconds 
========================================================================
Received Import Request.
  Time since last request: 11.459653 seconds.
  path: Assets/Prefabs/GEAR_HoneyJar.prefab
  artifactKey: Guid(41cff7e8097f95e479039ba588be4d98) Importer(815301076,1909f56bfc062723c751e8b465ee728b)
Start importing Assets/Prefabs/GEAR_HoneyJar.prefab using Guid(41cff7e8097f95e479039ba588be4d98) Importer(815301076,1909f56bfc062723c751e8b465ee728b)  -> (artifact id: '9f65aec2662b57c4247929788b1355de') in 0.035552 seconds 
